<?xml version="1.0" encoding="UTF-8"?>
<testsuite name="KarateReportTest" tests="1" skipped="0" failures="0" errors="0" timestamp="2020-12-03T14:21:55" hostname="DESKTOP-UC8N4VP" time="1.369">
  <properties/>
  <testcase name="testrunAll()" classname="KarateReportTest" time="1.369"/>
  <system-out><![CDATA[19:51:56.155 [Test worker] ERROR com.intuit.karate.core.FeatureParser - syntax error: mismatched input '"' expecting <EOF>
19:51:56.155 [Test worker] ERROR com.intuit.karate.core.FeatureParser - not a valid feature file: classpath:featurefiles/Karate13.feature - mismatched input '"' expecting <EOF>
19:51:56.155 [Test worker] ERROR com.intuit.karate.Runner - karate parallel runner failed: 
19:51:56.312 [ForkJoinPool-1-worker-1] INFO com.intuit.karate - from karate config file 
19:51:56.312 [ForkJoinPool-1-worker-1] ERROR com.intuit.karate - javascript function call failed: java.lang.RuntimeException: java.nio.channels.ClosedByInterruptException
19:51:56.312 [ForkJoinPool-1-worker-1] ERROR com.intuit.karate - evaluation of 'karate-config.js' failed: java.nio.channels.ClosedChannelException
19:51:56.593 [Test worker] DEBUG org.apache.velocity - CommonsLogLogChute name is 'org.apache.velocity'
19:51:56.593 [Test worker] DEBUG org.apache.velocity - Initializing Velocity, Calling init()...
19:51:56.593 [Test worker] DEBUG org.apache.velocity - Starting Apache Velocity v1.7 (compiled: 2010-11-19 12:14:37)
19:51:56.593 [Test worker] DEBUG org.apache.velocity - Default Properties File: org\apache\velocity\runtime\defaults\velocity.properties
19:51:56.593 [Test worker] DEBUG org.apache.velocity - Trying to use logger class org.apache.velocity.runtime.log.AvalonLogChute
19:51:56.593 [Test worker] DEBUG org.apache.velocity - Target log system for org.apache.velocity.runtime.log.AvalonLogChute is not available (java.lang.NoClassDefFoundError: org/apache/log/format/Formatter).  Falling back to next log system...
19:51:56.593 [Test worker] DEBUG org.apache.velocity - Trying to use logger class org.apache.velocity.runtime.log.Log4JLogChute
19:51:56.593 [Test worker] DEBUG org.apache.velocity - Target log system for org.apache.velocity.runtime.log.Log4JLogChute is not available (java.lang.NoClassDefFoundError: org/apache/log4j/Priority).  Falling back to next log system...
19:51:56.593 [Test worker] DEBUG org.apache.velocity - Trying to use logger class org.apache.velocity.runtime.log.CommonsLogLogChute
19:51:56.593 [Test worker] DEBUG org.apache.velocity - Using logger class org.apache.velocity.runtime.log.CommonsLogLogChute
19:51:56.593 [Test worker] DEBUG org.apache.velocity - ResourceLoader instantiated: org.apache.velocity.runtime.resource.loader.ClasspathResourceLoader
19:51:56.609 [Test worker] DEBUG org.apache.velocity - ResourceCache: initialized (class org.apache.velocity.runtime.resource.ResourceCacheImpl) with class java.util.Collections$SynchronizedMap cache map.
19:51:56.609 [Test worker] DEBUG org.apache.velocity - Loaded System Directive: org.apache.velocity.runtime.directive.Stop
19:51:56.609 [Test worker] DEBUG org.apache.velocity - Loaded System Directive: org.apache.velocity.runtime.directive.Define
19:51:56.609 [Test worker] DEBUG org.apache.velocity - Loaded System Directive: org.apache.velocity.runtime.directive.Break
19:51:56.609 [Test worker] DEBUG org.apache.velocity - Loaded System Directive: org.apache.velocity.runtime.directive.Evaluate
19:51:56.609 [Test worker] DEBUG org.apache.velocity - Loaded System Directive: org.apache.velocity.runtime.directive.Literal
19:51:56.609 [Test worker] DEBUG org.apache.velocity - Loaded System Directive: org.apache.velocity.runtime.directive.Macro
19:51:56.609 [Test worker] DEBUG org.apache.velocity - Loaded System Directive: org.apache.velocity.runtime.directive.Parse
19:51:56.609 [Test worker] DEBUG org.apache.velocity - Loaded System Directive: org.apache.velocity.runtime.directive.Include
19:51:56.609 [Test worker] DEBUG org.apache.velocity - Loaded System Directive: org.apache.velocity.runtime.directive.Foreach
19:51:56.640 [Test worker] DEBUG org.apache.velocity - Created '20' parsers.
19:51:56.640 [Test worker] DEBUG org.apache.velocity - Velocimacro : "velocimacro.library" is not set.  Trying default library: VM_global_library.vm
19:51:56.640 [Test worker] DEBUG org.apache.velocity - Could not load resource 'VM_global_library.vm' from ResourceLoader org.apache.velocity.runtime.resource.loader.ClasspathResourceLoader: ClasspathResourceLoader Error: cannot find resource VM_global_library.vm
19:51:56.640 [Test worker] DEBUG org.apache.velocity - Velocimacro : Default library not found.
19:51:56.640 [Test worker] DEBUG org.apache.velocity - Velocimacro : allowInline = true : VMs can be defined inline in templates
19:51:56.640 [Test worker] DEBUG org.apache.velocity - Velocimacro : allowInlineToOverride = false : VMs defined inline may NOT replace previous VM definitions
19:51:56.640 [Test worker] DEBUG org.apache.velocity - Velocimacro : allowInlineLocal = false : VMs defined inline will be global in scope if allowed.
19:51:56.640 [Test worker] DEBUG org.apache.velocity - Velocimacro : autoload off : VM system will not automatically reload global library macros
19:51:56.703 [Test worker] DEBUG org.apache.velocity - ResourceManager : found templates/generators/errorpage.vm with loader org.apache.velocity.runtime.resource.loader.ClasspathResourceLoader
19:51:56.703 [Test worker] DEBUG org.apache.velocity - ResourceManager : found /templates/headers.vm with loader org.apache.velocity.runtime.resource.loader.ClasspathResourceLoader
19:51:56.703 [Test worker] DEBUG org.apache.velocity - ResourceManager : found /templates/head.vm with loader org.apache.velocity.runtime.resource.loader.ClasspathResourceLoader
19:51:56.718 [Test worker] DEBUG org.apache.velocity - Velocimacro : added VM stringArray: source=/templates/macros/array.js.vm
19:51:56.718 [Test worker] DEBUG org.apache.velocity - Velocimacro : added VM numberArray: source=/templates/macros/array.js.vm
19:51:56.718 [Test worker] DEBUG org.apache.velocity - ResourceManager : found /templates/macros/array.js.vm with loader org.apache.velocity.runtime.resource.loader.ClasspathResourceLoader
19:51:56.718 [Test worker] DEBUG org.apache.velocity - Velocimacro : added VM includeBuildInfo: source=/templates/macros/page/buildinfo.vm
19:51:56.718 [Test worker] DEBUG org.apache.velocity - ResourceManager : found /templates/macros/page/buildinfo.vm with loader org.apache.velocity.runtime.resource.loader.ClasspathResourceLoader
19:51:56.718 [Test worker] DEBUG org.apache.velocity - Velocimacro : added VM includeClassifications: source=/templates/macros/page/classifications.vm
19:51:56.718 [Test worker] DEBUG org.apache.velocity - ResourceManager : found /templates/macros/page/classifications.vm with loader org.apache.velocity.runtime.resource.loader.ClasspathResourceLoader
19:51:56.718 [Test worker] DEBUG org.apache.velocity - Velocimacro : added VM includeLead: source=/templates/macros/page/lead.vm
19:51:56.718 [Test worker] DEBUG org.apache.velocity - ResourceManager : found /templates/macros/page/lead.vm with loader org.apache.velocity.runtime.resource.loader.ClasspathResourceLoader
19:51:56.718 [Test worker] DEBUG org.apache.velocity - Velocimacro : added VM includeNavigation: source=/templates/macros/page/navigation.vm
19:51:56.718 [Test worker] DEBUG org.apache.velocity - ResourceManager : found /templates/macros/page/navigation.vm with loader org.apache.velocity.runtime.resource.loader.ClasspathResourceLoader
19:51:56.718 [Test worker] DEBUG org.apache.velocity - Velocimacro : added VM includeReportInfo: source=/templates/macros/page/reportInfo.vm
19:51:56.718 [Test worker] DEBUG org.apache.velocity - ResourceManager : found /templates/macros/page/reportInfo.vm with loader org.apache.velocity.runtime.resource.loader.ClasspathResourceLoader
19:51:56.718 [Test worker] DEBUG org.apache.velocity - Velocimacro : added VM includeTitle: source=/templates/macros/page/title.vm
19:51:56.718 [Test worker] DEBUG org.apache.velocity - ResourceManager : found /templates/macros/page/title.vm with loader org.apache.velocity.runtime.resource.loader.ClasspathResourceLoader
19:51:56.718 [Test worker] DEBUG org.apache.velocity - Velocimacro : added VM includeExpandingButtons: source=/templates/macros/report/expandAllButtons.vm
19:51:56.718 [Test worker] DEBUG org.apache.velocity - ResourceManager : found /templates/macros/report/expandAllButtons.vm with loader org.apache.velocity.runtime.resource.loader.ClasspathResourceLoader
19:51:56.718 [Test worker] DEBUG org.apache.velocity - Velocimacro : added VM includeReportTable: source=/templates/macros/report/reportTable.vm
19:51:56.718 [Test worker] DEBUG org.apache.velocity - ResourceManager : found /templates/macros/report/reportTable.vm with loader org.apache.velocity.runtime.resource.loader.ClasspathResourceLoader
19:51:56.734 [Test worker] DEBUG org.apache.velocity - Velocimacro : added VM includeReportHeader: source=/templates/macros/report/reportHeader.vm
19:51:56.734 [Test worker] DEBUG org.apache.velocity - ResourceManager : found /templates/macros/report/reportHeader.vm with loader org.apache.velocity.runtime.resource.loader.ClasspathResourceLoader
19:51:56.734 [Test worker] DEBUG org.apache.velocity - Velocimacro : added VM includeStatsTable: source=/templates/macros/report/statsTable.vm
19:51:56.734 [Test worker] DEBUG org.apache.velocity - ResourceManager : found /templates/macros/report/statsTable.vm with loader org.apache.velocity.runtime.resource.loader.ClasspathResourceLoader
19:51:56.734 [Test worker] DEBUG org.apache.velocity - Velocimacro : added VM includeBrief: source=/templates/macros/json/brief.vm
19:51:56.734 [Test worker] DEBUG org.apache.velocity - ResourceManager : found /templates/macros/json/brief.vm with loader org.apache.velocity.runtime.resource.loader.ClasspathResourceLoader
19:51:56.734 [Test worker] DEBUG org.apache.velocity - Velocimacro : added VM includeDocString: source=/templates/macros/json/docstring.vm
19:51:56.734 [Test worker] DEBUG org.apache.velocity - ResourceManager : found /templates/macros/json/docstring.vm with loader org.apache.velocity.runtime.resource.loader.ClasspathResourceLoader
19:51:56.734 [Test worker] DEBUG org.apache.velocity - Velocimacro : added VM includeDuration: source=/templates/macros/json/duration.vm
19:51:56.734 [Test worker] DEBUG org.apache.velocity - ResourceManager : found /templates/macros/json/duration.vm with loader org.apache.velocity.runtime.resource.loader.ClasspathResourceLoader
19:51:56.734 [Test worker] DEBUG org.apache.velocity - Velocimacro : added VM includeElement: source=/templates/macros/json/element.vm
19:51:56.734 [Test worker] DEBUG org.apache.velocity - ResourceManager : found /templates/macros/json/element.vm with loader org.apache.velocity.runtime.resource.loader.ClasspathResourceLoader
19:51:56.734 [Test worker] DEBUG org.apache.velocity - Velocimacro : added VM includeEmbeddings: source=/templates/macros/json/embeddings.vm
19:51:56.734 [Test worker] DEBUG org.apache.velocity - Velocimacro : added VM includeHtmlEmbedding: source=/templates/macros/json/embeddings.vm
19:51:56.734 [Test worker] DEBUG org.apache.velocity - Velocimacro : added VM includeImageEmbedding: source=/templates/macros/json/embeddings.vm
19:51:56.734 [Test worker] DEBUG org.apache.velocity - Velocimacro : added VM includeImageReferenceEmbedding: source=/templates/macros/json/embeddings.vm
19:51:56.734 [Test worker] DEBUG org.apache.velocity - Velocimacro : added VM includeTextEmbedding: source=/templates/macros/json/embeddings.vm
19:51:56.734 [Test worker] DEBUG org.apache.velocity - Velocimacro : added VM includeUnknownEmbedding: source=/templates/macros/json/embeddings.vm
19:51:56.734 [Test worker] DEBUG org.apache.velocity - ResourceManager : found /templates/macros/json/embeddings.vm with loader org.apache.velocity.runtime.resource.loader.ClasspathResourceLoader
19:51:56.749 [Test worker] DEBUG org.apache.velocity - Velocimacro : added VM includeHooks: source=/templates/macros/json/hooks.vm
19:51:56.749 [Test worker] DEBUG org.apache.velocity - ResourceManager : found /templates/macros/json/hooks.vm with loader org.apache.velocity.runtime.resource.loader.ClasspathResourceLoader
19:51:56.749 [Test worker] DEBUG org.apache.velocity - Velocimacro : added VM includeOutput: source=/templates/macros/json/output.vm
19:51:56.749 [Test worker] DEBUG org.apache.velocity - ResourceManager : found /templates/macros/json/output.vm with loader org.apache.velocity.runtime.resource.loader.ClasspathResourceLoader
19:51:56.749 [Test worker] DEBUG org.apache.velocity - Velocimacro : added VM includeMessage: source=/templates/macros/json/message.vm
19:51:56.749 [Test worker] DEBUG org.apache.velocity - ResourceManager : found /templates/macros/json/message.vm with loader org.apache.velocity.runtime.resource.loader.ClasspathResourceLoader
19:51:56.749 [Test worker] DEBUG org.apache.velocity - Velocimacro : added VM includeSteps: source=/templates/macros/json/steps.vm
19:51:56.749 [Test worker] DEBUG org.apache.velocity - ResourceManager : found /templates/macros/json/steps.vm with loader org.apache.velocity.runtime.resource.loader.ClasspathResourceLoader
19:51:56.749 [Test worker] DEBUG org.apache.velocity - Velocimacro : added VM includeTags: source=/templates/macros/json/tags.vm
19:51:56.749 [Test worker] DEBUG org.apache.velocity - ResourceManager : found /templates/macros/json/tags.vm with loader org.apache.velocity.runtime.resource.loader.ClasspathResourceLoader
19:51:56.749 [Test worker] DEBUG org.apache.velocity - VM #includeNavigation: too few arguments to macro. Wanted 1 got 0
19:51:56.749 [Test worker] DEBUG org.apache.velocity - Left side ($active_tab) of '==' operation has null value. If it is a reference, it may not be in the context or its toString() returned null. /templates/macros/page/navigation.vm[line 14, column 51]
19:51:56.749 [Test worker] DEBUG org.apache.velocity - Left side ($active_tab) of '==' operation has null value. If it is a reference, it may not be in the context or its toString() returned null. /templates/macros/page/navigation.vm[line 15, column 51]
19:51:56.749 [Test worker] DEBUG org.apache.velocity - Left side ($active_tab) of '==' operation has null value. If it is a reference, it may not be in the context or its toString() returned null. /templates/macros/page/navigation.vm[line 16, column 51]
19:51:56.749 [Test worker] DEBUG org.apache.velocity - Left side ($active_tab) of '==' operation has null value. If it is a reference, it may not be in the context or its toString() returned null. /templates/macros/page/navigation.vm[line 20, column 51]
19:51:56.749 [Test worker] DEBUG org.apache.velocity - Null reference [template 'templates/generators/errorpage.vm', line 20, column 85] : $build_number cannot be resolved.
19:51:56.749 [Test worker] DEBUG org.apache.velocity - Null reference [template 'templates/generators/errorpage.vm', line 20, column 85] : $build_number cannot be resolved.
19:51:56.765 [Test worker] DEBUG org.apache.velocity - ResourceManager : found /templates/footer.vm with loader org.apache.velocity.runtime.resource.loader.ClasspathResourceLoader
]]></system-out>
  <system-err><![CDATA[line 11:4 mismatched input '"' expecting <EOF>
ERROR StatusLogger No log4j2 configuration file found. Using default configuration: logging only errors to the console.
]]></system-err>
</testsuite>
